Arguments: 
  C:\Program Files\nodejs\node.exe C:\Users\Yuriy\AppData\Roaming\npm\node_modules\yarn\bin\yarn.js init

PATH: 
  C:\Users\Yuriy\bin;C:\Program Files\Git\mingw64\bin;C:\Program Files\Git\usr\local\bin;C:\Program Files\Git\usr\bin;C:\Program Files\Git\usr\bin;C:\Program Files\Git\mingw64\bin;C:\Program Files\Git\usr\bin;C:\Users\Yuriy\bin;C:\Python27;C:\Python27\Scripts;C:\Program Files (x86)\Common Files\Oracle\Java\javapath;C:\ProgramData\Oracle\Java\javapath;C:\Program Files (x86)\Intel\Intel(R) Management Engine Components\iCLS;C:\Program Files\Intel\Intel(R) Management Engine Components\iCLS;C:\Windows\system32;C:\Windows;C:\Windows\System32\Wbem;C:\Windows\System32\WindowsPowerShell\v1.0;C:\Program Files (x86)\NVIDIA Corporation\PhysX\Common;C:\Program Files (x86)\Intel\Intel(R) Management Engine Components\DAL;C:\Program Files\Intel\Intel(R) Management Engine Components\DAL;C:\Program Files (x86)\Intel\Intel(R) Management Engine Components\IPT;C:\Program Files\Intel\Intel(R) Management Engine Components\IPT;C:\Program Files\Microsoft SQL Server\Client SDK\ODBC\130\Tools\Binn;C:\Program Files (x86)\Microsoft SQL Server\140\Tools\Binn;C:\Program Files\Microsoft SQL Server\140\Tools\Binn;C:\Program Files\Microsoft SQL Server\140\DTS\Binn;C:\Program Files (x86)\Microsoft SQL Server\150\DTS\Binn;C:\Program Files\Git\cmd;C:\Program Files\Git\mingw64\bin;C:\Program Files\Git\usr\bin;C:\Program Files (x86)\Apache\apache-maven-3.6.1\bin;C:\ProgramData\chocolatey\bin;C:\Users\Yuriy\AppData\Roaming\nvm;C:\Program Files\nodejs;C:\Users\Yuriy\AppData\Local\Microsoft\WindowsApps; C;C:\Program Files\Git\Program Files (x86)\Apache\apache-maven-3.6.1\bin; C;C:\Program Files\Git\Program Files\MySQL\MySQL Server 8.0\bin;C:\Users\Yuriy\AppData\Roaming\npm;C:\Users\Yuriy\AppData\Roaming\nvm;C:\Program Files\nodejs;C:\Program Files\Git\usr\bin\vendor_perl;C:\Program Files\Git\usr\bin\core_perl

Yarn version: 
  1.21.0

Node version: 
  12.13.0

Platform: 
  win32 x64

Trace: 
  Error: Can't answer a question unless a user TTY
      at ConsoleReporter.question (C:\Users\Yuriy\AppData\Roaming\npm\node_modules\yarn\lib\cli.js:96713:59)
      at Object.<anonymous> (C:\Users\Yuriy\AppData\Roaming\npm\node_modules\yarn\lib\cli.js:89024:38)
      at Generator.next (<anonymous>)
      at step (C:\Users\Yuriy\AppData\Roaming\npm\node_modules\yarn\lib\cli.js:304:30)
      at C:\Users\Yuriy\AppData\Roaming\npm\node_modules\yarn\lib\cli.js:315:13
      at processTicksAndRejections (internal/process/task_queues.js:93:5)

npm manifest: 
  No manifest

yarn manifest: 
  No manifest

Lockfile: 
  No lockfile
